npm ERR! Darwin 15.4.0
npm ERR! argv "/usr/local/Cellar/node/6.2.0/bin/node" "/usr/local/bin/npm" "run" "listen"
npm ERR! node v6.2.0
npm ERR! npm  v3.8.9
npm ERR! path /Users/apple/Documents/Project/Maiqi/source/package.json
npm ERR! code ENOENT
npm ERR! errno -2
npm ERR! syscall open

npm ERR! enoent ENOENT: no such file or directory, open '/Users/apple/Documents/Project/Maiqi/source/package.json'
npm ERR! enoent ENOENT: no such file or directory, open '/Users/apple/Documents/Project/Maiqi/source/package.json'
npm ERR! enoent This is most likely not a problem with npm itself
npm ERR! enoent and is related to npm not being able to find a file.
npm ERR! enoent 

npm ERR! Please include the following file with any support request:
npm ERR!     /Users/apple/Documents/Project/Maiqi/source/npm-debug.log
npm ERR! Darwin 15.4.0
npm ERR! argv "/usr/local/Cellar/node/6.2.0/bin/node" "/usr/local/bin/npm" "run" "listen"
npm ERR! node v6.2.0
npm ERR! npm  v3.8.9
npm ERR! path /Users/apple/Documents/Project/Maiqi/source/package.json
npm ERR! code ENOENT
npm ERR! errno -2
npm ERR! syscall open

npm ERR! enoent ENOENT: no such file or directory, open '/Users/apple/Documents/Project/Maiqi/source/package.json'
npm ERR! enoent ENOENT: no such file or directory, open '/Users/apple/Documents/Project/Maiqi/source/package.json'
npm ERR! enoent This is most likely not a problem with npm itself
npm ERR! enoent and is related to npm not being able to find a file.
npm ERR! enoent 

npm ERR! Please include the following file with any support request:
npm ERR!     /Users/apple/Documents/Project/Maiqi/source/npm-debug.log
npm ERR! Darwin 15.4.0
npm ERR! argv "/usr/local/Cellar/node/6.2.0/bin/node" "/usr/local/bin/npm" "run" "listen"
npm ERR! node v6.2.0
npm ERR! npm  v3.8.9
npm ERR! path /Users/apple/Documents/Project/Maiqi/source/package.json
npm ERR! code ENOENT
npm ERR! errno -2
npm ERR! syscall open

npm ERR! enoent ENOENT: no such file or directory, open '/Users/apple/Documents/Project/Maiqi/source/package.json'
npm ERR! enoent ENOENT: no such file or directory, open '/Users/apple/Documents/Project/Maiqi/source/package.json'
npm ERR! enoent This is most likely not a problem with npm itself
npm ERR! enoent and is related to npm not being able to find a file.
npm ERR! enoent 

npm ERR! Please include the following file with any support request:
npm ERR!     /Users/apple/Documents/Project/Maiqi/source/npm-debug.log
